2026-03-12 02:30:41 [error]: Unhandled Error لا يمكن العثور على /api/v1/auth/register في هذا الخادم
Error: لا يمكن العثور على /api/v1/auth/register في هذا الخادم
    at notFoundHandler (C:\project\Backend-walid-yahaya\src\middlewares\errorHandler.middleware.js:247:17)
    at Layer.handleRequest (C:\project\Backend-walid-yahaya\node_modules\router\lib\layer.js:152:17)
    at trimPrefix (C:\project\Backend-walid-yahaya\node_modules\router\index.js:342:13)
    at C:\project\Backend-walid-yahaya\node_modules\router\index.js:297:9
    at processParams (C:\project\Backend-walid-yahaya\node_modules\router\index.js:582:12)
    at next (C:\project\Backend-walid-yahaya\node_modules\router\index.js:291:5)
    at C:\project\Backend-walid-yahaya\node_modules\express-rate-limit\dist\index.cjs:942:7
    at process.processTicksAndRejections (node:internal/process/task_queues:103:5)
    at async C:\project\Backend-walid-yahaya\node_modules\express-rate-limit\dist\index.cjs:825:5
{
  "url": "/api/v1/auth/register",
  "method": "POST",
  "ip": "::1",
  "userId": "guest"
}
2026-03-12 02:30:41 [error]: Business Error: Error caught: لا يمكن العثور على /api/v1/auth/register في هذا الخادم
Error: لا يمكن العثور على /api/v1/auth/register في هذا الخادم
    at notFoundHandler (C:\project\Backend-walid-yahaya\src\middlewares\errorHandler.middleware.js:247:17)
    at Layer.handleRequest (C:\project\Backend-walid-yahaya\node_modules\router\lib\layer.js:152:17)
    at trimPrefix (C:\project\Backend-walid-yahaya\node_modules\router\index.js:342:13)
    at C:\project\Backend-walid-yahaya\node_modules\router\index.js:297:9
    at processParams (C:\project\Backend-walid-yahaya\node_modules\router\index.js:582:12)
    at next (C:\project\Backend-walid-yahaya\node_modules\router\index.js:291:5)
    at C:\project\Backend-walid-yahaya\node_modules\express-rate-limit\dist\index.cjs:942:7
    at process.processTicksAndRejections (node:internal/process/task_queues:103:5)
    at async C:\project\Backend-walid-yahaya\node_modules\express-rate-limit\dist\index.cjs:825:5
{
  "statusCode": 404,
  "code": "ROUTE_NOT_FOUND",
  "url": "/api/v1/auth/register",
  "method": "POST",
  "ip": "::1",
  "userId": "guest"
}
2026-03-12 02:30:41 [error]: HTTP Request Error
{
  "method": "POST",
  "url": "/api/v1/auth/register",
  "status": 404,
  "duration": "61ms",
  "ip": "::1",
  "userAgent": "PostmanRuntime/7.52.0",
  "userId": "guest"
}
2026-03-12 16:15:12 [error]: Unhandled Error لا يمكن العثور على /api/v1/auth/register في هذا الخادم
Error: لا يمكن العثور على /api/v1/auth/register في هذا الخادم
    at notFoundHandler (C:\project\Backend-walid-yahaya\src\middlewares\errorHandler.middleware.js:247:17)
    at Layer.handleRequest (C:\project\Backend-walid-yahaya\node_modules\router\lib\layer.js:152:17)
    at trimPrefix (C:\project\Backend-walid-yahaya\node_modules\router\index.js:342:13)
    at C:\project\Backend-walid-yahaya\node_modules\router\index.js:297:9
    at processParams (C:\project\Backend-walid-yahaya\node_modules\router\index.js:582:12)
    at next (C:\project\Backend-walid-yahaya\node_modules\router\index.js:291:5)
    at C:\project\Backend-walid-yahaya\node_modules\express-rate-limit\dist\index.cjs:942:7
    at process.processTicksAndRejections (node:internal/process/task_queues:103:5)
    at async C:\project\Backend-walid-yahaya\node_modules\express-rate-limit\dist\index.cjs:825:5
{
  "url": "/api/v1/auth/register",
  "method": "POST",
  "ip": "::1",
  "userId": "guest"
}
2026-03-12 16:15:13 [error]: Business Error: Error caught: لا يمكن العثور على /api/v1/auth/register في هذا الخادم
Error: لا يمكن العثور على /api/v1/auth/register في هذا الخادم
    at notFoundHandler (C:\project\Backend-walid-yahaya\src\middlewares\errorHandler.middleware.js:247:17)
    at Layer.handleRequest (C:\project\Backend-walid-yahaya\node_modules\router\lib\layer.js:152:17)
    at trimPrefix (C:\project\Backend-walid-yahaya\node_modules\router\index.js:342:13)
    at C:\project\Backend-walid-yahaya\node_modules\router\index.js:297:9
    at processParams (C:\project\Backend-walid-yahaya\node_modules\router\index.js:582:12)
    at next (C:\project\Backend-walid-yahaya\node_modules\router\index.js:291:5)
    at C:\project\Backend-walid-yahaya\node_modules\express-rate-limit\dist\index.cjs:942:7
    at process.processTicksAndRejections (node:internal/process/task_queues:103:5)
    at async C:\project\Backend-walid-yahaya\node_modules\express-rate-limit\dist\index.cjs:825:5
{
  "statusCode": 404,
  "code": "ROUTE_NOT_FOUND",
  "url": "/api/v1/auth/register",
  "method": "POST",
  "ip": "::1",
  "userId": "guest"
}
2026-03-12 16:15:13 [error]: HTTP Request Error
{
  "method": "POST",
  "url": "/api/v1/auth/register",
  "status": 404,
  "duration": "42ms",
  "ip": "::1",
  "userAgent": "PostmanRuntime/7.52.0",
  "userId": "guest"
}
2026-03-12 16:16:37 [error]: Unhandled Error لا يمكن العثور على /api/v1/auth/register في هذا الخادم
Error: لا يمكن العثور على /api/v1/auth/register في هذا الخادم
    at notFoundHandler (C:\project\Backend-walid-yahaya\src\middlewares\errorHandler.middleware.js:247:17)
    at Layer.handleRequest (C:\project\Backend-walid-yahaya\node_modules\router\lib\layer.js:152:17)
    at trimPrefix (C:\project\Backend-walid-yahaya\node_modules\router\index.js:342:13)
    at C:\project\Backend-walid-yahaya\node_modules\router\index.js:297:9
    at processParams (C:\project\Backend-walid-yahaya\node_modules\router\index.js:582:12)
    at next (C:\project\Backend-walid-yahaya\node_modules\router\index.js:291:5)
    at C:\project\Backend-walid-yahaya\node_modules\express-rate-limit\dist\index.cjs:942:7
    at process.processTicksAndRejections (node:internal/process/task_queues:103:5)
    at async C:\project\Backend-walid-yahaya\node_modules\express-rate-limit\dist\index.cjs:825:5
{
  "url": "/api/v1/auth/register",
  "method": "POST",
  "ip": "::1",
  "userId": "guest"
}
2026-03-12 16:16:37 [error]: Business Error: Error caught: لا يمكن العثور على /api/v1/auth/register في هذا الخادم
Error: لا يمكن العثور على /api/v1/auth/register في هذا الخادم
    at notFoundHandler (C:\project\Backend-walid-yahaya\src\middlewares\errorHandler.middleware.js:247:17)
    at Layer.handleRequest (C:\project\Backend-walid-yahaya\node_modules\router\lib\layer.js:152:17)
    at trimPrefix (C:\project\Backend-walid-yahaya\node_modules\router\index.js:342:13)
    at C:\project\Backend-walid-yahaya\node_modules\router\index.js:297:9
    at processParams (C:\project\Backend-walid-yahaya\node_modules\router\index.js:582:12)
    at next (C:\project\Backend-walid-yahaya\node_modules\router\index.js:291:5)
    at C:\project\Backend-walid-yahaya\node_modules\express-rate-limit\dist\index.cjs:942:7
    at process.processTicksAndRejections (node:internal/process/task_queues:103:5)
    at async C:\project\Backend-walid-yahaya\node_modules\express-rate-limit\dist\index.cjs:825:5
{
  "statusCode": 404,
  "code": "ROUTE_NOT_FOUND",
  "url": "/api/v1/auth/register",
  "method": "POST",
  "ip": "::1",
  "userId": "guest"
}
2026-03-12 16:16:37 [error]: HTTP Request Error
{
  "method": "POST",
  "url": "/api/v1/auth/register",
  "status": 404,
  "duration": "14ms",
  "ip": "::1",
  "userAgent": "PostmanRuntime/7.52.0",
  "userId": "guest"
}
2026-03-12 16:16:39 [error]: Unhandled Error لا يمكن العثور على /api/v1/auth/register في هذا الخادم
Error: لا يمكن العثور على /api/v1/auth/register في هذا الخادم
    at notFoundHandler (C:\project\Backend-walid-yahaya\src\middlewares\errorHandler.middleware.js:247:17)
    at Layer.handleRequest (C:\project\Backend-walid-yahaya\node_modules\router\lib\layer.js:152:17)
    at trimPrefix (C:\project\Backend-walid-yahaya\node_modules\router\index.js:342:13)
    at C:\project\Backend-walid-yahaya\node_modules\router\index.js:297:9
    at processParams (C:\project\Backend-walid-yahaya\node_modules\router\index.js:582:12)
    at next (C:\project\Backend-walid-yahaya\node_modules\router\index.js:291:5)
    at C:\project\Backend-walid-yahaya\node_modules\express-rate-limit\dist\index.cjs:942:7
    at process.processTicksAndRejections (node:internal/process/task_queues:103:5)
    at async C:\project\Backend-walid-yahaya\node_modules\express-rate-limit\dist\index.cjs:825:5
{
  "url": "/api/v1/auth/register",
  "method": "POST",
  "ip": "::1",
  "userId": "guest"
}
2026-03-12 16:16:39 [error]: Business Error: Error caught: لا يمكن العثور على /api/v1/auth/register في هذا الخادم
Error: لا يمكن العثور على /api/v1/auth/register في هذا الخادم
    at notFoundHandler (C:\project\Backend-walid-yahaya\src\middlewares\errorHandler.middleware.js:247:17)
    at Layer.handleRequest (C:\project\Backend-walid-yahaya\node_modules\router\lib\layer.js:152:17)
    at trimPrefix (C:\project\Backend-walid-yahaya\node_modules\router\index.js:342:13)
    at C:\project\Backend-walid-yahaya\node_modules\router\index.js:297:9
    at processParams (C:\project\Backend-walid-yahaya\node_modules\router\index.js:582:12)
    at next (C:\project\Backend-walid-yahaya\node_modules\router\index.js:291:5)
    at C:\project\Backend-walid-yahaya\node_modules\express-rate-limit\dist\index.cjs:942:7
    at process.processTicksAndRejections (node:internal/process/task_queues:103:5)
    at async C:\project\Backend-walid-yahaya\node_modules\express-rate-limit\dist\index.cjs:825:5
{
  "statusCode": 404,
  "code": "ROUTE_NOT_FOUND",
  "url": "/api/v1/auth/register",
  "method": "POST",
  "ip": "::1",
  "userId": "guest"
}
2026-03-12 16:16:39 [error]: HTTP Request Error
{
  "method": "POST",
  "url": "/api/v1/auth/register",
  "status": 404,
  "duration": "3ms",
  "ip": "::1",
  "userAgent": "PostmanRuntime/7.52.0",
  "userId": "guest"
}
2026-03-12 16:35:11 [error]: Business Error: MongoDB Connection Error ❌
MongooseServerSelectionError: Could not connect to any servers in your MongoDB Atlas cluster. One common reason is that you're trying to access the database from an IP that isn't whitelisted. Make sure your current IP address is on your Atlas cluster's IP whitelist: https://www.mongodb.com/docs/atlas/security-whitelist/
    at _handleConnectionErrors (C:\project\Backend-walid-yahaya\node_modules\mongoose\lib\connection.js:1169:11)
    at NativeConnection.openUri (C:\project\Backend-walid-yahaya\node_modules\mongoose\lib\connection.js:1100:11)
    at runNextTicks (node:internal/process/task_queues:64:5)
    at listOnTimeout (node:internal/timers:567:9)
    at process.processTimers (node:internal/timers:541:7)
    at async connectDB (C:\project\Backend-walid-yahaya\src\config\db.js:31:18)
{
  "error": "Could not connect to any servers in your MongoDB Atlas cluster. One common reason is that you're trying to access the database from an IP that isn't whitelisted. Make sure your current IP address is on your Atlas cluster's IP whitelist: https://www.mongodb.com/docs/atlas/security-whitelist/"
}
2026-03-12 16:35:21 [error]: Business Error: MongoDB Connection Error ❌
MongooseServerSelectionError: Could not connect to any servers in your MongoDB Atlas cluster. One common reason is that you're trying to access the database from an IP that isn't whitelisted. Make sure your current IP address is on your Atlas cluster's IP whitelist: https://www.mongodb.com/docs/atlas/security-whitelist/
    at _handleConnectionErrors (C:\project\Backend-walid-yahaya\node_modules\mongoose\lib\connection.js:1169:11)
    at NativeConnection.openUri (C:\project\Backend-walid-yahaya\node_modules\mongoose\lib\connection.js:1100:11)
    at runNextTicks (node:internal/process/task_queues:64:5)
    at listOnTimeout (node:internal/timers:567:9)
    at process.processTimers (node:internal/timers:541:7)
    at async Timeout.connectDB [as _onTimeout] (C:\project\Backend-walid-yahaya\src\config\db.js:31:18)
{
  "error": "Could not connect to any servers in your MongoDB Atlas cluster. One common reason is that you're trying to access the database from an IP that isn't whitelisted. Make sure your current IP address is on your Atlas cluster's IP whitelist: https://www.mongodb.com/docs/atlas/security-whitelist/"
}
2026-03-12 16:35:31 [error]: Business Error: MongoDB Connection Error ❌
MongooseServerSelectionError: Could not connect to any servers in your MongoDB Atlas cluster. One common reason is that you're trying to access the database from an IP that isn't whitelisted. Make sure your current IP address is on your Atlas cluster's IP whitelist: https://www.mongodb.com/docs/atlas/security-whitelist/
    at _handleConnectionErrors (C:\project\Backend-walid-yahaya\node_modules\mongoose\lib\connection.js:1169:11)
    at NativeConnection.openUri (C:\project\Backend-walid-yahaya\node_modules\mongoose\lib\connection.js:1100:11)
    at runNextTicks (node:internal/process/task_queues:64:5)
    at listOnTimeout (node:internal/timers:567:9)
    at process.processTimers (node:internal/timers:541:7)
    at async Timeout.connectDB [as _onTimeout] (C:\project\Backend-walid-yahaya\src\config\db.js:31:18)
{
  "error": "Could not connect to any servers in your MongoDB Atlas cluster. One common reason is that you're trying to access the database from an IP that isn't whitelisted. Make sure your current IP address is on your Atlas cluster's IP whitelist: https://www.mongodb.com/docs/atlas/security-whitelist/"
}
2026-03-12 16:35:41 [error]: Business Error: MongoDB Connection Error ❌
MongooseServerSelectionError: Could not connect to any servers in your MongoDB Atlas cluster. One common reason is that you're trying to access the database from an IP that isn't whitelisted. Make sure your current IP address is on your Atlas cluster's IP whitelist: https://www.mongodb.com/docs/atlas/security-whitelist/
    at _handleConnectionErrors (C:\project\Backend-walid-yahaya\node_modules\mongoose\lib\connection.js:1169:11)
    at NativeConnection.openUri (C:\project\Backend-walid-yahaya\node_modules\mongoose\lib\connection.js:1100:11)
    at runNextTicks (node:internal/process/task_queues:64:5)
    at listOnTimeout (node:internal/timers:567:9)
    at process.processTimers (node:internal/timers:541:7)
    at async Timeout.connectDB [as _onTimeout] (C:\project\Backend-walid-yahaya\src\config\db.js:31:18)
{
  "error": "Could not connect to any servers in your MongoDB Atlas cluster. One common reason is that you're trying to access the database from an IP that isn't whitelisted. Make sure your current IP address is on your Atlas cluster's IP whitelist: https://www.mongodb.com/docs/atlas/security-whitelist/"
}
2026-03-12 16:35:51 [error]: Business Error: MongoDB Connection Error ❌
MongooseServerSelectionError: Could not connect to any servers in your MongoDB Atlas cluster. One common reason is that you're trying to access the database from an IP that isn't whitelisted. Make sure your current IP address is on your Atlas cluster's IP whitelist: https://www.mongodb.com/docs/atlas/security-whitelist/
    at _handleConnectionErrors (C:\project\Backend-walid-yahaya\node_modules\mongoose\lib\connection.js:1169:11)
    at NativeConnection.openUri (C:\project\Backend-walid-yahaya\node_modules\mongoose\lib\connection.js:1100:11)
    at runNextTicks (node:internal/process/task_queues:64:5)
    at listOnTimeout (node:internal/timers:567:9)
    at process.processTimers (node:internal/timers:541:7)
    at async Timeout.connectDB [as _onTimeout] (C:\project\Backend-walid-yahaya\src\config\db.js:31:18)
{
  "error": "Could not connect to any servers in your MongoDB Atlas cluster. One common reason is that you're trying to access the database from an IP that isn't whitelisted. Make sure your current IP address is on your Atlas cluster's IP whitelist: https://www.mongodb.com/docs/atlas/security-whitelist/"
}
2026-03-12 16:36:01 [error]: Business Error: MongoDB Connection Error ❌
MongooseServerSelectionError: Server selection timed out after 5000 ms
    at _handleConnectionErrors (C:\project\Backend-walid-yahaya\node_modules\mongoose\lib\connection.js:1169:11)
    at NativeConnection.openUri (C:\project\Backend-walid-yahaya\node_modules\mongoose\lib\connection.js:1100:11)
    at runNextTicks (node:internal/process/task_queues:64:5)
    at listOnTimeout (node:internal/timers:567:9)
    at process.processTimers (node:internal/timers:541:7)
    at async Timeout.connectDB [as _onTimeout] (C:\project\Backend-walid-yahaya\src\config\db.js:31:18)
{
  "error": "Server selection timed out after 5000 ms"
}
2026-03-12 16:48:30 [error]: HTTP Request Error
{
  "method": "POST",
  "url": "/api/v1/auth/register",
  "status": 400,
  "duration": "279ms",
  "ip": "::1",
  "userAgent": "PostmanRuntime/7.52.0",
  "userId": "guest"
}
2026-03-12 19:36:07 [error]: Business Error: MongoDB Connection Error ❌
MongooseServerSelectionError: Could not connect to any servers in your MongoDB Atlas cluster. One common reason is that you're trying to access the database from an IP that isn't whitelisted. Make sure your current IP address is on your Atlas cluster's IP whitelist: https://www.mongodb.com/docs/atlas/security-whitelist/
    at _handleConnectionErrors (C:\project\Backend-walid-yahaya\node_modules\mongoose\lib\connection.js:1169:11)
    at NativeConnection.openUri (C:\project\Backend-walid-yahaya\node_modules\mongoose\lib\connection.js:1100:11)
    at async connectDB (C:\project\Backend-walid-yahaya\src\config\db.js:31:18)
{
  "error": "Could not connect to any servers in your MongoDB Atlas cluster. One common reason is that you're trying to access the database from an IP that isn't whitelisted. Make sure your current IP address is on your Atlas cluster's IP whitelist: https://www.mongodb.com/docs/atlas/security-whitelist/"
}
2026-03-12 19:36:17 [error]: Business Error: MongoDB Connection Error ❌
MongooseServerSelectionError: Could not connect to any servers in your MongoDB Atlas cluster. One common reason is that you're trying to access the database from an IP that isn't whitelisted. Make sure your current IP address is on your Atlas cluster's IP whitelist: https://www.mongodb.com/docs/atlas/security-whitelist/
    at _handleConnectionErrors (C:\project\Backend-walid-yahaya\node_modules\mongoose\lib\connection.js:1169:11)
    at NativeConnection.openUri (C:\project\Backend-walid-yahaya\node_modules\mongoose\lib\connection.js:1100:11)
    at runNextTicks (node:internal/process/task_queues:64:5)
    at listOnTimeout (node:internal/timers:567:9)
    at process.processTimers (node:internal/timers:541:7)
    at async Timeout.connectDB [as _onTimeout] (C:\project\Backend-walid-yahaya\src\config\db.js:31:18)
{
  "error": "Could not connect to any servers in your MongoDB Atlas cluster. One common reason is that you're trying to access the database from an IP that isn't whitelisted. Make sure your current IP address is on your Atlas cluster's IP whitelist: https://www.mongodb.com/docs/atlas/security-whitelist/"
}
2026-03-12 19:36:27 [error]: Business Error: MongoDB Connection Error ❌
MongooseServerSelectionError: Could not connect to any servers in your MongoDB Atlas cluster. One common reason is that you're trying to access the database from an IP that isn't whitelisted. Make sure your current IP address is on your Atlas cluster's IP whitelist: https://www.mongodb.com/docs/atlas/security-whitelist/
    at _handleConnectionErrors (C:\project\Backend-walid-yahaya\node_modules\mongoose\lib\connection.js:1169:11)
    at NativeConnection.openUri (C:\project\Backend-walid-yahaya\node_modules\mongoose\lib\connection.js:1100:11)
    at runNextTicks (node:internal/process/task_queues:64:5)
    at listOnTimeout (node:internal/timers:567:9)
    at process.processTimers (node:internal/timers:541:7)
    at async Timeout.connectDB [as _onTimeout] (C:\project\Backend-walid-yahaya\src\config\db.js:31:18)
{
  "error": "Could not connect to any servers in your MongoDB Atlas cluster. One common reason is that you're trying to access the database from an IP that isn't whitelisted. Make sure your current IP address is on your Atlas cluster's IP whitelist: https://www.mongodb.com/docs/atlas/security-whitelist/"
}
2026-03-12 19:37:16 [error]: Business Error: MongoDB Connection Error ❌
MongooseServerSelectionError: Could not connect to any servers in your MongoDB Atlas cluster. One common reason is that you're trying to access the database from an IP that isn't whitelisted. Make sure your current IP address is on your Atlas cluster's IP whitelist: https://www.mongodb.com/docs/atlas/security-whitelist/
    at _handleConnectionErrors (C:\project\Backend-walid-yahaya\node_modules\mongoose\lib\connection.js:1169:11)
    at NativeConnection.openUri (C:\project\Backend-walid-yahaya\node_modules\mongoose\lib\connection.js:1100:11)
    at async connectDB (C:\project\Backend-walid-yahaya\src\config\db.js:31:18)
{
  "error": "Could not connect to any servers in your MongoDB Atlas cluster. One common reason is that you're trying to access the database from an IP that isn't whitelisted. Make sure your current IP address is on your Atlas cluster's IP whitelist: https://www.mongodb.com/docs/atlas/security-whitelist/"
}
2026-03-12 19:53:22 [error]: HTTP Request Error
{
  "method": "POST",
  "url": "/api/v1/auth/logout",
  "status": 401,
  "duration": "56ms",
  "ip": "::1",
  "userAgent": "PostmanRuntime/7.52.0",
  "userId": "guest"
}
2026-03-12 19:55:13 [error]: HTTP Request Error
{
  "method": "POST",
  "url": "/api/v1/auth/refresh",
  "status": 401,
  "duration": "109ms",
  "ip": "::1",
  "userAgent": "PostmanRuntime/7.52.0",
  "userId": "guest"
}
2026-03-12 19:56:28 [error]: HTTP Request Error
{
  "method": "POST",
  "url": "/api/v1/auth/refresh",
  "status": 403,
  "duration": "1228ms",
  "ip": "::1",
  "userAgent": "PostmanRuntime/7.52.0",
  "userId": "guest"
}
2026-03-12 19:57:48 [error]: HTTP Request Error
{
  "method": "POST",
  "url": "/api/v1/auth/refresh",
  "status": 403,
  "duration": "2004ms",
  "ip": "::1",
  "userAgent": "PostmanRuntime/7.52.0",
  "userId": "guest"
}
2026-03-12 19:59:31 [error]: HTTP Request Error
{
  "method": "POST",
  "url": "/api/v1/auth/refresh",
  "status": 403,
  "duration": "1248ms",
  "ip": "::1",
  "userAgent": "PostmanRuntime/7.52.0",
  "userId": "guest"
}
2026-03-12 20:02:46 [error]: HTTP Request Error
{
  "method": "POST",
  "url": "/api/v1/auth/verify",
  "status": 400,
  "duration": "88ms",
  "ip": "::1",
  "userAgent": "PostmanRuntime/7.52.0",
  "userId": "guest"
}
2026-03-12 20:06:35 [error]: HTTP Request Error
{
  "method": "GET",
  "url": "/api/v1/auth/validate",
  "status": 401,
  "duration": "337ms",
  "ip": "::1",
  "userAgent": "PostmanRuntime/7.52.0",
  "userId": "guest"
}
2026-03-12 20:10:47 [error]: Unhandled Error Cannot read properties of undefined (reading 'validate')
TypeError: Cannot read properties of undefined (reading 'validate')
    at C:\project\Backend-walid-yahaya\src\middlewares\validate.middleware.js:11:37
    at Layer.handleRequest (C:\project\Backend-walid-yahaya\node_modules\router\lib\layer.js:152:17)
    at next (C:\project\Backend-walid-yahaya\node_modules\router\lib\route.js:157:13)
    at module.exports (C:\project\Backend-walid-yahaya\src\middlewares\auth.middleware.js:272:5)
    at process.processTicksAndRejections (node:internal/process/task_queues:103:5)
{
  "url": "/api/v1/auth/change-password",
  "method": "POST",
  "ip": "::1",
  "userId": "69b2ebdc23fb2e90cebad43b"
}
2026-03-12 20:10:47 [error]: Business Error: Error caught: Cannot read properties of undefined (reading 'validate')
TypeError: Cannot read properties of undefined (reading 'validate')
    at C:\project\Backend-walid-yahaya\src\middlewares\validate.middleware.js:11:37
    at Layer.handleRequest (C:\project\Backend-walid-yahaya\node_modules\router\lib\layer.js:152:17)
    at next (C:\project\Backend-walid-yahaya\node_modules\router\lib\route.js:157:13)
    at module.exports (C:\project\Backend-walid-yahaya\src\middlewares\auth.middleware.js:272:5)
    at process.processTicksAndRejections (node:internal/process/task_queues:103:5)
{
  "statusCode": 500,
  "url": "/api/v1/auth/change-password",
  "method": "POST",
  "ip": "::1",
  "userId": "69b2ebdc23fb2e90cebad43b"
}
2026-03-12 20:10:47 [error]: HTTP Request Error
{
  "method": "POST",
  "url": "/api/v1/auth/change-password",
  "status": 500,
  "duration": "767ms",
  "ip": "::1",
  "userAgent": "PostmanRuntime/7.52.0",
  "userId": "69b2ebdc23fb2e90cebad43b"
}
2026-03-12 20:15:13 [error]: HTTP Request Error
{
  "method": "GET",
  "url": "/api/v1/users/me",
  "status": 403,
  "duration": "4881ms",
  "ip": "::1",
  "userAgent": "PostmanRuntime/7.52.0",
  "userId": "69b2ebdc23fb2e90cebad43b"
}
